<?xml version="1.0" encoding="UTF-8"?>
<beans xmlns="http://www.springframework.org/schema/beans"
	xmlns:mvc="http://www.springframework.org/schema/mvc" xmlns:context="http://www.springframework.org/schema/context"
	xmlns:xsi="http://www.w3.org/2001/XMLSchema-instance" xmlns:jdbc="http://www.springframework.org/schema/jdbc"
	xmlns:jpa="http://www.springframework.org/schema/data/jpa"
	xsi:schemaLocation="
		http://www.springframework.org/schema/mvc http://www.springframework.org/schema/mvc/spring-mvc-3.1.xsd
		http://www.springframework.org/schema/beans 
		http://www.springframework.org/schema/beans/spring-beans.xsd
		http://www.springframework.org/schema/context
   	 	http://www.springframework.org/schema/context/spring-context.xsd
   	 	http://www.springframework.org/schema/data/jpa 
   	 	http://www.springframework.org/schema/data/jpa/spring-jpa-1.3.xsd
   	 	http://www.springframework.org/schema/jdbc 
   	 	http://www.springframework.org/schema/jdbc/spring-jdbc-4.0.xsd">

	<context:component-scan base-package="com.rucsok">
		<context:exclude-filter type="annotation"
			expression="org.springframework.context.annotation.Configuration" />
	</context:component-scan>

<!-- 	<bean id="urlFetchHelper" class="org.mockito.Mockito" factory-method="mock"> -->
<!-- 		<constructor-arg value="com.rucsok.rucsok.service.helper.UrlFetchHelper" /> -->
<!-- 	</bean> -->

	<jpa:repositories base-package="com.rucsok" />

	<jdbc:embedded-database id="rucsokDataSource">
		<jdbc:script location="classpath:/database/integration-test.sql" />
	</jdbc:embedded-database>

	<bean id="entityManagerFactory"
		class="org.springframework.orm.jpa.LocalContainerEntityManagerFactoryBean">
		<property name="persistenceUnitName" value="rucsok" />
		<property name="dataSource" ref="rucsokDataSource" />
		<property name="packagesToScan" value="com.rucsok" />
		<property name="jpaVendorAdapter">
			<bean class="org.springframework.orm.jpa.vendor.HibernateJpaVendorAdapter">
				<property name="showSql" value="true" />
				<property name="generateDdl" value="false" />
			</bean>
		</property>
	</bean>

	<bean id="transactionManager" class="org.springframework.orm.jpa.JpaTransactionManager">
		<property name="entityManagerFactory" ref="entityManagerFactory" />
		<property name="dataSource" ref="rucsokDataSource" />
	</bean>

</beans>